<?xml version="1.0" encoding="UTF-8"?>
<!-- Generated by org.testng.reporters.JUnitXMLReporter -->
<testsuite ignored="3" hostname="Santosh" failures="0" tests="1" name="groupTest" time="0.215" errors="0" timestamp="2022-08-13T19:14:17 IST">
  <testcase classname="All_practice.GoupTest" name="logout" time="0.129"/>
  <testcase classname="All_practice.GoupTest" name="frist" time="0.0">
    <ignored/>
  </testcase> <!-- frist -->
  <testcase classname="All_practice.GoupTest" name="checktitle" time="0.0">
    <ignored/>
  </testcase> <!-- checktitle -->
  <testcase classname="All_practice.GoupTest" name="second" time="0.0">
    <ignored/>
  </testcase> <!-- second -->
</testsuite> <!-- groupTest -->
