<?xml version="1.0" encoding="UTF-8"?>
<!-- Generated by org.testng.reporters.JUnitXMLReporter -->
<testsuite ignored="0" hostname="saurabh-PC" failures="0" tests="4" name="Default test" time="14.024" errors="0" timestamp="2022-08-15T11:37:36 IST">
  <testcase classname="All_practice.MethodDepen" name="lunchchrome" time="12.512"/>
  <testcase classname="All_practice.MethodDepen" name="checktitle" time="0.037"/>
  <testcase classname="All_practice.MethodDepen" name="login" time="1.234"/>
  <testcase classname="All_practice.MethodDepen" name="teardown" time="0.061"/>
</testsuite> <!-- Default test -->
