<?xml version="1.0" encoding="UTF-8"?>
<testng-results ignored="0" total="4" passed="4" failed="0" skipped="0">
  <reporter-output>
  </reporter-output>
  <suite started-at="2022-08-15T11:37:22 IST" name="Default suite" finished-at="2022-08-15T11:37:36 IST" duration-ms="14024">
    <groups>
    </groups>
    <test started-at="2022-08-15T11:37:22 IST" name="Default test" finished-at="2022-08-15T11:37:36 IST" duration-ms="14024">
      <class name="All_practice.MethodDepen">
        <test-method signature="lunchchrome()[pri:0, instance:All_practice.MethodDepen@2a54a73f]" started-at="2022-08-15T11:37:22 IST" name="lunchchrome" finished-at="2022-08-15T11:37:34 IST" duration-ms="12512" status="PASS">
          <reporter-output>
          </reporter-output>
        </test-method> <!-- lunchchrome -->
        <test-method signature="checktitle()[pri:0, instance:All_practice.MethodDepen@2a54a73f]" started-at="2022-08-15T11:37:34 IST" name="checktitle" finished-at="2022-08-15T11:37:34 IST" depends-on-methods="All_practice.MethodDepen.lunchchrome" duration-ms="37" status="PASS">
          <reporter-output>
          </reporter-output>
        </test-method> <!-- checktitle -->
        <test-method signature="login()[pri:0, instance:All_practice.MethodDepen@2a54a73f]" started-at="2022-08-15T11:37:34 IST" name="login" finished-at="2022-08-15T11:37:36 IST" depends-on-methods="All_practice.MethodDepen.checktitle" duration-ms="1234" status="PASS">
          <reporter-output>
          </reporter-output>
        </test-method> <!-- login -->
        <test-method signature="teardown()[pri:0, instance:All_practice.MethodDepen@2a54a73f]" started-at="2022-08-15T11:37:36 IST" name="teardown" finished-at="2022-08-15T11:37:36 IST" depends-on-methods="All_practice.MethodDepen.login" duration-ms="61" status="PASS">
          <reporter-output>
          </reporter-output>
        </test-method> <!-- teardown -->
      </class> <!-- All_practice.MethodDepen -->
    </test> <!-- Default test -->
  </suite> <!-- Default suite -->
</testng-results>
